<?xml version="1.0" encoding="UTF-8"?>
<coverage generated="1559145143795" clover="3.2.0">
  <project timestamp="1559145143795" name="All files">
    <metrics statements="6" coveredstatements="6" conditionals="6" coveredconditionals="6" methods="1" coveredmethods="1" elements="13" coveredelements="13" complexity="0" loc="6" ncloc="6" packages="1" files="1" classes="1"/>
    <file name="index.js" path="/home/stagefeusr/Desktop/stefano/ow_develop/greeting-tdd/index.js">
      <metrics statements="6" coveredstatements="6" conditionals="6" coveredconditionals="6" methods="1" coveredmethods="1"/>
      <line num="25" count="1" type="stmt"/>
      <line num="26" count="1" type="stmt"/>
      <line num="27" count="100" type="cond" truecount="2" falsecount="0"/>
      <line num="28" count="93" type="cond" truecount="2" falsecount="0"/>
      <line num="29" count="66" type="cond" truecount="2" falsecount="0"/>
      <line num="30" count="53" type="stmt"/>
    </file>
  </project>
</coverage>
