{"/home/stagefeusr/Desktop/stefano/ow_develop/greeting-tdd/index.js": {"path":"/home/stagefeusr/Desktop/stefano/ow_develop/greeting-tdd/index.js","statementMap":{"0":{"start":{"line":25,"column":0},"end":{"line":32,"column":1}},"1":{"start":{"line":26,"column":4},"end":{"line":31,"column":5}},"2":{"start":{"line":26,"column":15},"end":{"line":26,"column":16}},"3":{"start":{"line":27,"column":8},"end":{"line":30,"column":28}},"4":{"start":{"line":27,"column":25},"end":{"line":27,"column":49}},"5":{"start":{"line":28,"column":13},"end":{"line":30,"column":28}},"6":{"start":{"line":28,"column":29},"end":{"line":28,"column":49}},"7":{"start":{"line":29,"column":13},"end":{"line":30,"column":28}},"8":{"start":{"line":29,"column":29},"end":{"line":29,"column":49}},"9":{"start":{"line":30,"column":13},"end":{"line":30,"column":28}}},"fnMap":{"0":{"name":"(anonymous_0)","decl":{"start":{"line":25,"column":24},"end":{"line":25,"column":25}},"loc":{"start":{"line":25,"column":30},"end":{"line":32,"column":1}},"line":25}},"branchMap":{"0":{"loc":{"start":{"line":27,"column":8},"end":{"line":30,"column":28}},"type":"if","locations":[{"start":{"line":27,"column":8},"end":{"line":30,"column":28}},{"start":{"line":27,"column":8},"end":{"line":30,"column":28}}],"line":27},"1":{"loc":{"start":{"line":28,"column":13},"end":{"line":30,"column":28}},"type":"if","locations":[{"start":{"line":28,"column":13},"end":{"line":30,"column":28}},{"start":{"line":28,"column":13},"end":{"line":30,"column":28}}],"line":28},"2":{"loc":{"start":{"line":29,"column":13},"end":{"line":30,"column":28}},"type":"if","locations":[{"start":{"line":29,"column":13},"end":{"line":30,"column":28}},{"start":{"line":29,"column":13},"end":{"line":30,"column":28}}],"line":29}},"s":{"0":1,"1":1,"2":1,"3":100,"4":7,"5":93,"6":27,"7":66,"8":13,"9":53},"f":{"0":1},"b":{"0":[7,93],"1":[27,66],"2":[13,53]},"_coverageSchema":"43e27e138ebf9cfc5966b082cf9a028302ed4184","hash":"f81bd7366848b8108464d8834dca0011a537c9ef"}
}
